This is pdfTeX, Version 3.141592653-2.6-1.40.24 (TeX Live 2022) (preloaded format=pdflatex 2023.1.12)  22 NOV 2023 20:43
entering extended mode
 restricted \write18 enabled.
 file:line:error style messages enabled.
 %&-line parsing enabled.
**c:/Users/dameh/Desktop/report/mathB/report1.tex
(c:/Users/dameh/Desktop/report/mathB/report1.tex
LaTeX2e <2022-11-01> patch level 1
L3 programming layer <2022-12-17> (c:/texlive/2022/texmf-dist/tex/latex/bxjscls/bxjsarticle.cls
Document Class: bxjsarticle 2022/04/10 v2.7a BXJS document classes
(c:/texlive/2022/texmf-dist/tex/latex/tools/calc.sty
Package: calc 2017/05/25 v4.3 Infix arithmetic (KKT,FJ)
\calc@Acount=\count185
\calc@Bcount=\count186
\calc@Adimen=\dimen140
\calc@Bdimen=\dimen141
\calc@Askip=\skip48
\calc@Bskip=\skip49
LaTeX Info: Redefining \setlength on input line 80.
LaTeX Info: Redefining \addtolength on input line 81.
\calc@Ccount=\count187
\calc@Cskip=\skip50
) (c:/texlive/2022/texmf-dist/tex/latex/graphics/keyval.sty
Package: keyval 2022/05/29 v1.15 key=value parser (DPC)
\KV@toks@=\toks16
) (c:/texlive/2022/texmf-dist/tex/latex/bxjscls/bxjscompat.sty
Package: bxjscompat 2022/04/10 v2.7a BXJS document classes
) (c:/texlive/2022/texmf-dist/tex/generic/iftex/ifpdf.sty
Package: ifpdf 2019/10/25 v3.4 ifpdf legacy package. Use iftex instead.
 (c:/texlive/2022/texmf-dist/tex/generic/iftex/iftex.sty
Package: iftex 2022/02/03 v1.0f TeX engine tests
)) (c:/texlive/2022/texmf-dist/tex/latex/base/fleqn.clo
File: fleqn.clo 2016/12/29 v1.2b Standard LaTeX option (flush left equations)
\mathindent=\skip51
Applying: [2015/01/01] Make \[ robust on input line 50.
LaTeX Info: Redefining \[ on input line 51.
Already applied: [0000/00/00] Make \[ robust on input line 62.
Applying: [2015/01/01] Make \] robust on input line 74.
LaTeX Info: Redefining \] on input line 75.
Already applied: [0000/00/00] Make \] robust on input line 83.
)
\stockwidth=\dimen142
\stockheight=\dimen143
\jsc@mpt=\dimen144
\jsc@mmm=\dimen145
\jsZw=\dimen146
\jsc@smallskipamount=\skip52
\Cht=\dimen147
\Cdp=\dimen148
\Cwd=\dimen149
\Cvs=\dimen150
\Chs=\dimen151
\fullwidth=\dimen152
 (c:/texlive/2022/texmf-dist/tex/latex/geometry/geometry.sty
Package: geometry 2020/01/02 v5.9 Page Geometry
 (c:/texlive/2022/texmf-dist/tex/generic/iftex/ifvtex.sty
Package: ifvtex 2019/10/25 v1.7 ifvtex legacy package. Use iftex instead.
)
\Gm@cnth=\count188
\Gm@cntv=\count189
\c@Gm@tempcnt=\count190
\Gm@bindingoffset=\dimen153
\Gm@wd@mp=\dimen154
\Gm@odd@mp=\dimen155
\Gm@even@mp=\dimen156
\Gm@layoutwidth=\dimen157
\Gm@layoutheight=\dimen158
\Gm@layouthoffset=\dimen159
\Gm@layoutvoffset=\dimen160
\Gm@dimlist=\toks17
)
\c@part=\count191
\c@section=\count192
\c@subsection=\count193
\c@subsubsection=\count194
\c@paragraph=\count195
\c@subparagraph=\count196
\@abstractbox=\box51
\c@figure=\count197
\c@table=\count198
\abovecaptionskip=\skip53
\belowcaptionskip=\skip54
\jsc@tocl@width=\dimen161
\@lnumwidth=\dimen162
\bibindent=\dimen163
 (c:/texlive/2022/texmf-dist/tex/latex/bxwareki/bxwareki.sty
Package: bxwareki 2019/06/01 v0.6
\c@warekiyear=\count199
 (c:/texlive/2022/texmf-dist/tex/latex/bxwareki/bxwareki-cd.def
File: bxwareki-cd.def 2019/06/01 v0.6
)) (c:/texlive/2022/texmf-dist/tex/latex/bxjscls/bxjsja-standard.def
File: bxjsja-standard.def 2022/04/10 v2.7a BXJS document classes
 (c:/texlive/2022/texmf-dist/tex/latex/bxjscls/bxjsja-minimal.def
File: bxjsja-minimal.def 2022/04/10 v2.7a BXJS document classes
\everypar=\toks18
) (c:/texlive/2022/texmf-dist/tex/latex/bxcjkjatype/bxcjkjatype.sty
Package: bxcjkjatype 2016/10/15 v0.3
Package bxcjkjatype Info: Driver auto-detected: pdftex on input line 144.
 (c:/texlive/2022/texmf-dist/tex/latex/cjk/texinput/CJK.sty
Package: CJK 2021/10/16 4.8.5
 (c:/texlive/2022/texmf-dist/tex/latex/cjk/texinput/mule/MULEenc.sty
Package: MULEenc 2021/10/16 4.8.5
) (c:/texlive/2022/texmf-dist/tex/latex/cjk/texinput/CJK.enc
File: CJK.enc 2021/10/16 4.8.5
Now handling font encoding C00 ...
... no UTF-8 mapping file for font encoding C00
Now handling font encoding C05 ...
... no UTF-8 mapping file for font encoding C05
Now handling font encoding C09 ...
... no UTF-8 mapping file for font encoding C09
Now handling font encoding C10 ...
... no UTF-8 mapping file for font encoding C10
Now handling font encoding C20 ...
... no UTF-8 mapping file for font encoding C20
Now handling font encoding C19 ...
... no UTF-8 mapping file for font encoding C19
Now handling font encoding C40 ...
... no UTF-8 mapping file for font encoding C40
Now handling font encoding C42 ...
... no UTF-8 mapping file for font encoding C42
Now handling font encoding C43 ...
... no UTF-8 mapping file for font encoding C43
Now handling font encoding C50 ...
... no UTF-8 mapping file for font encoding C50
Now handling font encoding C52 ...
... no UTF-8 mapping file for font encoding C52
Now handling font encoding C49 ...
... no UTF-8 mapping file for font encoding C49
Now handling font encoding C60 ...
... no UTF-8 mapping file for font encoding C60
Now handling font encoding C61 ...
... no UTF-8 mapping file for font encoding C61
Now handling font encoding C63 ...
... no UTF-8 mapping file for font encoding C63
Now handling font encoding C64 ...
... no UTF-8 mapping file for font encoding C64
Now handling font encoding C65 ...
... no UTF-8 mapping file for font encoding C65
Now handling font encoding C70 ...
... no UTF-8 mapping file for font encoding C70
Now handling font encoding C31 ...
... no UTF-8 mapping file for font encoding C31
Now handling font encoding C32 ...
... no UTF-8 mapping file for font encoding C32
Now handling font encoding C33 ...
... no UTF-8 mapping file for font encoding C33
Now handling font encoding C34 ...
... no UTF-8 mapping file for font encoding C34
Now handling font encoding C35 ...
... no UTF-8 mapping file for font encoding C35
Now handling font encoding C36 ...
... no UTF-8 mapping file for font encoding C36
Now handling font encoding C37 ...
... no UTF-8 mapping file for font encoding C37
Now handling font encoding C80 ...
... no UTF-8 mapping file for font encoding C80
Now handling font encoding C81 ...
... no UTF-8 mapping file for font encoding C81
Now handling font encoding C01 ...
... no UTF-8 mapping file for font encoding C01
Now handling font encoding C11 ...
... no UTF-8 mapping file for font encoding C11
Now handling font encoding C21 ...
... no UTF-8 mapping file for font encoding C21
Now handling font encoding C41 ...
... no UTF-8 mapping file for font encoding C41
Now handling font encoding C62 ...
... no UTF-8 mapping file for font encoding C62
)
\CJK@indent=\box52
) (c:/texlive/2022/texmf-dist/tex/latex/cjk/texinput/CJKutf8.sty
Package: CJKutf8 2021/10/16 4.8.5
 (c:/texlive/2022/texmf-dist/tex/latex/base/inputenc.sty
Package: inputenc 2021/02/14 v1.3d Input encoding file
\inpenc@prehook=\toks19
\inpenc@posthook=\toks20
) (c:/texlive/2022/texmf-dist/tex/latex/base/fontenc.sty
Package: fontenc 2021/04/29 v2.0v Standard LaTeX package
)) (c:/texlive/2022/texmf-dist/tex/latex/cjk/texinput/CJKspace.sty
Package: CJKspace 2021/10/16 3.8.0
) (c:/texlive/2022/texmf-dist/tex/latex/cjkpunct/CJKpunct.sty
Package: CJKpunct 2016/05/14 4.8.4
\CJKpunct@cnta=\count266
\CJKpunct@cntb=\count267
\CJKpunct@cntc=\count268
\CJKpunct@cntd=\count269
\CJKpunct@cnte=\count270
   defining Unicode char U+2018 (decimal 8216)
   defining Unicode char U+2019 (decimal 8217)
   defining Unicode char U+201C (decimal 8220)
   defining Unicode char U+201D (decimal 8221)
   defining Unicode char U+2014 (decimal 8212)
   defining Unicode char U+2026 (decimal 8230)
 (c:/texlive/2022/texmf-dist/tex/latex/cjkpunct/CJKpunct.spa)) (c:/texlive/2022/texmf-dist/tex/latex/etoolbox/etoolbox.sty
Package: etoolbox 2020/10/05 v2.5k e-TeX tools for LaTeX (JAW)
\etb@tempcnta=\count271
) (c:/texlive/2022/texmf-dist/tex/latex/cjk/texinput/UTF8/UTF8.bdg
File: UTF8.bdg 2021/10/16 4.8.5
))
\jsKanjiSkip=\skip55
\jsXKanjiSkip=\skip56
))
\bxjs@strong@level=\count272
 (c:/texlive/2022/texmf-dist/tex/latex/ascmac/ascmac.sty
Package: ascmac 2020/01/15 v2.1 ascmac wrapper (community edition) 
 (c:/texlive/2022/texmf-dist/tex/latex/ascmac/tascmac.sty
Package: tascmac 2020/01/15 v2.1 ascmac package (community edition) 
Package tascmac Info: Assuming pdfLaTeX, XeLaTeX or LuaLaTeX on input line 44.
\scb@x=\box53
\scscb@x=\box54
\@bw=\dimen164
\@nbox=\box55
\@nbody=\box56
\@scw=\dimen165
\ascmac@hoboxa=\box57
\ascmac@hoboxb=\box58
\@itemh=\dimen166
\@iboxpos=\toks21
\@iboxstr=\box59
\@bwsp=\box60
\@@bwsp=\box61
\@bcal=\count273
\shaderule=\dimen167
)) (c:/texlive/2022/texmf-dist/tex/latex/amsmath/amsmath.sty
Package: amsmath 2022/04/08 v2.17n AMS math features
\@mathmargin=\skip57

For additional information on amsmath, use the `?' option.
(c:/texlive/2022/texmf-dist/tex/latex/amsmath/amstext.sty
Package: amstext 2021/08/26 v2.01 AMS text
 (c:/texlive/2022/texmf-dist/tex/latex/amsmath/amsgen.sty
File: amsgen.sty 1999/11/30 v2.0 generic functions
\@emptytoks=\toks22
\ex@=\dimen168
)) (c:/texlive/2022/texmf-dist/tex/latex/amsmath/amsbsy.sty
Package: amsbsy 1999/11/29 v1.2d Bold Symbols
\pmbraise@=\dimen169
) (c:/texlive/2022/texmf-dist/tex/latex/amsmath/amsopn.sty
Package: amsopn 2022/04/08 v2.04 operator names
)
\inf@bad=\count274
LaTeX Info: Redefining \frac on input line 234.
\uproot@=\count275
\leftroot@=\count276
LaTeX Info: Redefining \overline on input line 399.
LaTeX Info: Redefining \colon on input line 410.
\classnum@=\count277
\DOTSCASE@=\count278
LaTeX Info: Redefining \ldots on input line 496.
LaTeX Info: Redefining \dots on input line 499.
LaTeX Info: Redefining \cdots on input line 620.
\Mathstrutbox@=\box62
\strutbox@=\box63
LaTeX Info: Redefining \big on input line 722.
LaTeX Info: Redefining \Big on input line 723.
LaTeX Info: Redefining \bigg on input line 724.
LaTeX Info: Redefining \Bigg on input line 725.
\big@size=\dimen170
LaTeX Font Info:    Redeclaring font encoding OML on input line 743.
LaTeX Font Info:    Redeclaring font encoding OMS on input line 744.
\macc@depth=\count279
LaTeX Info: Redefining \bmod on input line 905.
LaTeX Info: Redefining \pmod on input line 910.
LaTeX Info: Redefining \smash on input line 940.
LaTeX Info: Redefining \relbar on input line 970.
LaTeX Info: Redefining \Relbar on input line 971.
\c@MaxMatrixCols=\count280
\dotsspace@=\muskip16
\c@parentequation=\count281
\dspbrk@lvl=\count282
\tag@help=\toks23
\row@=\count283
\column@=\count284
\maxfields@=\count285
\andhelp@=\toks24
\eqnshift@=\dimen171
\alignsep@=\dimen172
\tagshift@=\dimen173
\tagwidth@=\dimen174
\totwidth@=\dimen175
\lineht@=\dimen176
\@envbody=\toks25
\multlinegap=\skip58
\multlinetaggap=\skip59
\mathdisplay@stack=\toks26
LaTeX Info: Redefining \[ on input line 2953.
LaTeX Info: Redefining \] on input line 2954.
) (c:/texlive/2022/texmf-dist/tex/latex/amsfonts/amssymb.sty
Package: amssymb 2013/01/14 v3.01 AMS font symbols
 (c:/texlive/2022/texmf-dist/tex/latex/amsfonts/amsfonts.sty
Package: amsfonts 2013/01/14 v3.01 Basic AMSFonts support
\symAMSa=\mathgroup4
\symAMSb=\mathgroup5
LaTeX Font Info:    Redeclaring math symbol \hbar on input line 98.
LaTeX Font Info:    Overwriting math alphabet `\mathfrak' in version `bold'
(Font)                  U/euf/m/n --> U/euf/b/n on input line 106.
)) (c:/texlive/2022/texmf-dist/tex/latex/type1cm/type1cm.sty
Package: type1cm 2002/09/05 v0.04 BlueSky/Y&Y Type1 CM font definitions (DPC, patched RF)
) (c:/texlive/2022/texmf-dist/tex/latex/pgf/frontendlayer/tikz.sty (c:/texlive/2022/texmf-dist/tex/latex/pgf/basiclayer/pgf.sty (c:/texlive/2022/texmf-dist/tex/latex/pgf/utilities/pgfrcs.sty (c:/texlive/2022/texmf-dist/tex/generic/pgf/utilities/pgfutil-common.tex
\pgfutil@everybye=\toks27
\pgfutil@tempdima=\dimen177
\pgfutil@tempdimb=\dimen178
 (c:/texlive/2022/texmf-dist/tex/generic/pgf/utilities/pgfutil-common-lists.tex)) (c:/texlive/2022/texmf-dist/tex/generic/pgf/utilities/pgfutil-latex.def
\pgfutil@abb=\box64
) (c:/texlive/2022/texmf-dist/tex/generic/pgf/utilities/pgfrcs.code.tex (c:/texlive/2022/texmf-dist/tex/generic/pgf/pgf.revision.tex)
Package: pgfrcs 2021/05/15 v3.1.9a (3.1.9a)
))
Package: pgf 2021/05/15 v3.1.9a (3.1.9a)
 (c:/texlive/2022/texmf-dist/tex/latex/pgf/basiclayer/pgfcore.sty (c:/texlive/2022/texmf-dist/tex/latex/graphics/graphicx.sty
Package: graphicx 2021/09/16 v1.2d Enhanced LaTeX Graphics (DPC,SPQR)
 (c:/texlive/2022/texmf-dist/tex/latex/graphics/graphics.sty
Package: graphics 2022/03/10 v1.4e Standard LaTeX Graphics (DPC,SPQR)
 (c:/texlive/2022/texmf-dist/tex/latex/graphics/trig.sty
Package: trig 2021/08/11 v1.11 sin cos tan (DPC)
) (c:/texlive/2022/texmf-dist/tex/latex/graphics-cfg/graphics.cfg
File: graphics.cfg 2016/06/04 v1.11 sample graphics configuration
)
Package graphics Info: Driver file: pdftex.def on input line 107.
 (c:/texlive/2022/texmf-dist/tex/latex/graphics-def/pdftex.def
File: pdftex.def 2022/09/22 v1.2b Graphics/color driver for pdftex
))
\Gin@req@height=\dimen179
\Gin@req@width=\dimen180
) (c:/texlive/2022/texmf-dist/tex/latex/pgf/systemlayer/pgfsys.sty (c:/texlive/2022/texmf-dist/tex/generic/pgf/systemlayer/pgfsys.code.tex
Package: pgfsys 2021/05/15 v3.1.9a (3.1.9a)
 (c:/texlive/2022/texmf-dist/tex/generic/pgf/utilities/pgfkeys.code.tex
\pgfkeys@pathtoks=\toks28
\pgfkeys@temptoks=\toks29
 (c:/texlive/2022/texmf-dist/tex/generic/pgf/utilities/pgfkeysfiltered.code.tex
\pgfkeys@tmptoks=\toks30
))
\pgf@x=\dimen181
\pgf@y=\dimen182
\pgf@xa=\dimen183
\pgf@ya=\dimen184
\pgf@xb=\dimen185
\pgf@yb=\dimen186
\pgf@xc=\dimen187
\pgf@yc=\dimen188
\pgf@xd=\dimen189
\pgf@yd=\dimen190
\w@pgf@writea=\write3
\r@pgf@reada=\read2
\c@pgf@counta=\count286
\c@pgf@countb=\count287
\c@pgf@countc=\count288
\c@pgf@countd=\count289
\t@pgf@toka=\toks31
\t@pgf@tokb=\toks32
\t@pgf@tokc=\toks33
\pgf@sys@id@count=\count290
 (c:/texlive/2022/texmf-dist/tex/generic/pgf/systemlayer/pgf.cfg
File: pgf.cfg 2021/05/15 v3.1.9a (3.1.9a)
)
Driver file for pgf: pgfsys-pdftex.def
 (c:/texlive/2022/texmf-dist/tex/generic/pgf/systemlayer/pgfsys-pdftex.def
File: pgfsys-pdftex.def 2021/05/15 v3.1.9a (3.1.9a)
 (c:/texlive/2022/texmf-dist/tex/generic/pgf/systemlayer/pgfsys-common-pdf.def
File: pgfsys-common-pdf.def 2021/05/15 v3.1.9a (3.1.9a)
))) (c:/texlive/2022/texmf-dist/tex/generic/pgf/systemlayer/pgfsyssoftpath.code.tex
File: pgfsyssoftpath.code.tex 2021/05/15 v3.1.9a (3.1.9a)
\pgfsyssoftpath@smallbuffer@items=\count291
\pgfsyssoftpath@bigbuffer@items=\count292
) (c:/texlive/2022/texmf-dist/tex/generic/pgf/systemlayer/pgfsysprotocol.code.tex
File: pgfsysprotocol.code.tex 2021/05/15 v3.1.9a (3.1.9a)
)) (c:/texlive/2022/texmf-dist/tex/latex/xcolor/xcolor.sty
Package: xcolor 2022/06/12 v2.14 LaTeX color extensions (UK)
 (c:/texlive/2022/texmf-dist/tex/latex/graphics-cfg/color.cfg
File: color.cfg 2016/01/02 v1.6 sample color configuration
)
Package xcolor Info: Driver file: pdftex.def on input line 227.
 (c:/texlive/2022/texmf-dist/tex/latex/graphics/mathcolor.ltx)
Package xcolor Info: Model `cmy' substituted by `cmy0' on input line 1353.
Package xcolor Info: Model `hsb' substituted by `rgb' on input line 1357.
Package xcolor Info: Model `RGB' extended on input line 1369.
Package xcolor Info: Model `HTML' substituted by `rgb' on input line 1371.
Package xcolor Info: Model `Hsb' substituted by `hsb' on input line 1372.
Package xcolor Info: Model `tHsb' substituted by `hsb' on input line 1373.
Package xcolor Info: Model `HSB' substituted by `hsb' on input line 1374.
Package xcolor Info: Model `Gray' substituted by `gray' on input line 1375.
Package xcolor Info: Model `wave' substituted by `hsb' on input line 1376.
) (c:/texlive/2022/texmf-dist/tex/generic/pgf/basiclayer/pgfcore.code.tex
Package: pgfcore 2021/05/15 v3.1.9a (3.1.9a)
 (c:/texlive/2022/texmf-dist/tex/generic/pgf/math/pgfmath.code.tex (c:/texlive/2022/texmf-dist/tex/generic/pgf/math/pgfmathcalc.code.tex (c:/texlive/2022/texmf-dist/tex/generic/pgf/math/pgfmathutil.code.tex) (c:/texlive/2022/texmf-dist/tex/generic/pgf/math/pgfmathparser.code.tex
\pgfmath@dimen=\dimen191
\pgfmath@count=\count293
\pgfmath@box=\box65
\pgfmath@toks=\toks34
\pgfmath@stack@operand=\toks35
\pgfmath@stack@operation=\toks36
) (c:/texlive/2022/texmf-dist/tex/generic/pgf/math/pgfmathfunctions.code.tex (c:/texlive/2022/texmf-dist/tex/generic/pgf/math/pgfmathfunctions.basic.code.tex) (c:/texlive/2022/texmf-dist/tex/generic/pgf/math/pgfmathfunctions.trigonometric.code.tex) (c:/texlive/2022/texmf-dist/tex/generic/pgf/math/pgfmathfunctions.random.code.tex) (c:/texlive/2022/texmf-dist/tex/generic/pgf/math/pgfmathfunctions.comparison.code.tex) (c:/texlive/2022/texmf-dist/tex/generic/pgf/math/pgfmathfunctions.base.code.tex) (c:/texlive/2022/texmf-dist/tex/generic/pgf/math/pgfmathfunctions.round.code.tex) (c:/texlive/2022/texmf-dist/tex/generic/pgf/math/pgfmathfunctions.misc.code.tex) (c:/texlive/2022/texmf-dist/tex/generic/pgf/math/pgfmathfunctions.integerarithmetics.code.tex))) (c:/texlive/2022/texmf-dist/tex/generic/pgf/math/pgfmathfloat.code.tex
\c@pgfmathroundto@lastzeros=\count294
)) (c:/texlive/2022/texmf-dist/tex/generic/pgf/math/pgfint.code.tex) (c:/texlive/2022/texmf-dist/tex/generic/pgf/basiclayer/pgfcorepoints.code.tex
File: pgfcorepoints.code.tex 2021/05/15 v3.1.9a (3.1.9a)
\pgf@picminx=\dimen192
\pgf@picmaxx=\dimen193
\pgf@picminy=\dimen194
\pgf@picmaxy=\dimen195
\pgf@pathminx=\dimen196
\pgf@pathmaxx=\dimen197
\pgf@pathminy=\dimen198
\pgf@pathmaxy=\dimen199
\pgf@xx=\dimen256
\pgf@xy=\dimen257
\pgf@yx=\dimen258
\pgf@yy=\dimen259
\pgf@zx=\dimen260
\pgf@zy=\dimen261
) (c:/texlive/2022/texmf-dist/tex/generic/pgf/basiclayer/pgfcorepathconstruct.code.tex
File: pgfcorepathconstruct.code.tex 2021/05/15 v3.1.9a (3.1.9a)
\pgf@path@lastx=\dimen262
\pgf@path@lasty=\dimen263
) (c:/texlive/2022/texmf-dist/tex/generic/pgf/basiclayer/pgfcorepathusage.code.tex
File: pgfcorepathusage.code.tex 2021/05/15 v3.1.9a (3.1.9a)
\pgf@shorten@end@additional=\dimen264
\pgf@shorten@start@additional=\dimen265
) (c:/texlive/2022/texmf-dist/tex/generic/pgf/basiclayer/pgfcorescopes.code.tex
File: pgfcorescopes.code.tex 2021/05/15 v3.1.9a (3.1.9a)
\pgfpic=\box66
\pgf@hbox=\box67
\pgf@layerbox@main=\box68
\pgf@picture@serial@count=\count295
) (c:/texlive/2022/texmf-dist/tex/generic/pgf/basiclayer/pgfcoregraphicstate.code.tex
File: pgfcoregraphicstate.code.tex 2021/05/15 v3.1.9a (3.1.9a)
\pgflinewidth=\dimen266
) (c:/texlive/2022/texmf-dist/tex/generic/pgf/basiclayer/pgfcoretransformations.code.tex
File: pgfcoretransformations.code.tex 2021/05/15 v3.1.9a (3.1.9a)
\pgf@pt@x=\dimen267
\pgf@pt@y=\dimen268
\pgf@pt@temp=\dimen269
) (c:/texlive/2022/texmf-dist/tex/generic/pgf/basiclayer/pgfcorequick.code.tex
File: pgfcorequick.code.tex 2021/05/15 v3.1.9a (3.1.9a)
) (c:/texlive/2022/texmf-dist/tex/generic/pgf/basiclayer/pgfcoreobjects.code.tex
File: pgfcoreobjects.code.tex 2021/05/15 v3.1.9a (3.1.9a)
) (c:/texlive/2022/texmf-dist/tex/generic/pgf/basiclayer/pgfcorepathprocessing.code.tex
File: pgfcorepathprocessing.code.tex 2021/05/15 v3.1.9a (3.1.9a)
) (c:/texlive/2022/texmf-dist/tex/generic/pgf/basiclayer/pgfcorearrows.code.tex
File: pgfcorearrows.code.tex 2021/05/15 v3.1.9a (3.1.9a)
\pgfarrowsep=\dimen270
) (c:/texlive/2022/texmf-dist/tex/generic/pgf/basiclayer/pgfcoreshade.code.tex
File: pgfcoreshade.code.tex 2021/05/15 v3.1.9a (3.1.9a)
\pgf@max=\dimen271
\pgf@sys@shading@range@num=\count296
\pgf@shadingcount=\count297
) (c:/texlive/2022/texmf-dist/tex/generic/pgf/basiclayer/pgfcoreimage.code.tex
File: pgfcoreimage.code.tex 2021/05/15 v3.1.9a (3.1.9a)
 (c:/texlive/2022/texmf-dist/tex/generic/pgf/basiclayer/pgfcoreexternal.code.tex
File: pgfcoreexternal.code.tex 2021/05/15 v3.1.9a (3.1.9a)
\pgfexternal@startupbox=\box69
)) (c:/texlive/2022/texmf-dist/tex/generic/pgf/basiclayer/pgfcorelayers.code.tex
File: pgfcorelayers.code.tex 2021/05/15 v3.1.9a (3.1.9a)
) (c:/texlive/2022/texmf-dist/tex/generic/pgf/basiclayer/pgfcoretransparency.code.tex
File: pgfcoretransparency.code.tex 2021/05/15 v3.1.9a (3.1.9a)
) (c:/texlive/2022/texmf-dist/tex/generic/pgf/basiclayer/pgfcorepatterns.code.tex
File: pgfcorepatterns.code.tex 2021/05/15 v3.1.9a (3.1.9a)
) (c:/texlive/2022/texmf-dist/tex/generic/pgf/basiclayer/pgfcorerdf.code.tex
File: pgfcorerdf.code.tex 2021/05/15 v3.1.9a (3.1.9a)
))) (c:/texlive/2022/texmf-dist/tex/generic/pgf/modules/pgfmoduleshapes.code.tex
File: pgfmoduleshapes.code.tex 2021/05/15 v3.1.9a (3.1.9a)
\pgfnodeparttextbox=\box70
) (c:/texlive/2022/texmf-dist/tex/generic/pgf/modules/pgfmoduleplot.code.tex
File: pgfmoduleplot.code.tex 2021/05/15 v3.1.9a (3.1.9a)
) (c:/texlive/2022/texmf-dist/tex/latex/pgf/compatibility/pgfcomp-version-0-65.sty
Package: pgfcomp-version-0-65 2021/05/15 v3.1.9a (3.1.9a)
\pgf@nodesepstart=\dimen272
\pgf@nodesepend=\dimen273
) (c:/texlive/2022/texmf-dist/tex/latex/pgf/compatibility/pgfcomp-version-1-18.sty
Package: pgfcomp-version-1-18 2021/05/15 v3.1.9a (3.1.9a)
)) (c:/texlive/2022/texmf-dist/tex/latex/pgf/utilities/pgffor.sty (c:/texlive/2022/texmf-dist/tex/latex/pgf/utilities/pgfkeys.sty (c:/texlive/2022/texmf-dist/tex/generic/pgf/utilities/pgfkeys.code.tex)) (c:/texlive/2022/texmf-dist/tex/latex/pgf/math/pgfmath.sty (c:/texlive/2022/texmf-dist/tex/generic/pgf/math/pgfmath.code.tex)) (c:/texlive/2022/texmf-dist/tex/generic/pgf/utilities/pgffor.code.tex
Package: pgffor 2021/05/15 v3.1.9a (3.1.9a)
 (c:/texlive/2022/texmf-dist/tex/generic/pgf/math/pgfmath.code.tex)
\pgffor@iter=\dimen274
\pgffor@skip=\dimen275
\pgffor@stack=\toks37
\pgffor@toks=\toks38
)) (c:/texlive/2022/texmf-dist/tex/generic/pgf/frontendlayer/tikz/tikz.code.tex
Package: tikz 2021/05/15 v3.1.9a (3.1.9a)
 (c:/texlive/2022/texmf-dist/tex/generic/pgf/libraries/pgflibraryplothandlers.code.tex
File: pgflibraryplothandlers.code.tex 2021/05/15 v3.1.9a (3.1.9a)
\pgf@plot@mark@count=\count298
\pgfplotmarksize=\dimen276
)
\tikz@lastx=\dimen277
\tikz@lasty=\dimen278
\tikz@lastxsaved=\dimen279
\tikz@lastysaved=\dimen280
\tikz@lastmovetox=\dimen281
\tikz@lastmovetoy=\dimen282
\tikzleveldistance=\dimen283
\tikzsiblingdistance=\dimen284
\tikz@figbox=\box71
\tikz@figbox@bg=\box72
\tikz@tempbox=\box73
\tikz@tempbox@bg=\box74
\tikztreelevel=\count299
\tikznumberofchildren=\count300
\tikznumberofcurrentchild=\count301
\tikz@fig@count=\count302
 (c:/texlive/2022/texmf-dist/tex/generic/pgf/modules/pgfmodulematrix.code.tex
File: pgfmodulematrix.code.tex 2021/05/15 v3.1.9a (3.1.9a)
\pgfmatrixcurrentrow=\count303
\pgfmatrixcurrentcolumn=\count304
\pgf@matrix@numberofcolumns=\count305
)
\tikz@expandcount=\count306
 (c:/texlive/2022/texmf-dist/tex/generic/pgf/frontendlayer/tikz/libraries/tikzlibrarytopaths.code.tex
File: tikzlibrarytopaths.code.tex 2021/05/15 v3.1.9a (3.1.9a)
))) (c:/texlive/2022/texmf-dist/tex/generic/pgf/frontendlayer/tikz/libraries/tikzlibraryintersections.code.tex (c:/texlive/2022/texmf-dist/tex/generic/pgf/libraries/pgflibraryintersections.code.tex (c:/texlive/2022/texmf-dist/tex/generic/pgf/libraries/pgflibraryfpu.code.tex)
\pgf@intersect@solutions=\count307
)) (c:/texlive/2022/texmf-dist/tex/generic/pgf/frontendlayer/tikz/libraries/tikzlibrarycalc.code.tex
File: tikzlibrarycalc.code.tex 2021/05/15 v3.1.9a (3.1.9a)
) (c:/texlive/2022/texmf-dist/tex/generic/pgf/libraries/pgflibraryarrows.meta.code.tex
File: pgflibraryarrows.meta.code.tex 2021/05/15 v3.1.9a (3.1.9a)
\pgfarrowinset=\dimen285
\pgfarrowlength=\dimen286
\pgfarrowwidth=\dimen287
\pgfarrowlinewidth=\dimen288
) (c:/texlive/2022/texmf-dist/tex/latex/l3backend/l3backend-pdftex.def
File: l3backend-pdftex.def 2022-10-26 L3 backend support: PDF output (pdfTeX)
\l__color_backend_stack_int=\count308
\l__pdf_internal_box=\box75
) (./report1.aux)
\openout1 = `report1.aux'.

LaTeX Font Info:    Checking defaults for OML/cmm/m/it on input line 7.
LaTeX Font Info:    ... okay on input line 7.
LaTeX Font Info:    Checking defaults for OMS/cmsy/m/n on input line 7.
LaTeX Font Info:    ... okay on input line 7.
LaTeX Font Info:    Checking defaults for OT1/cmr/m/n on input line 7.
LaTeX Font Info:    ... okay on input line 7.
LaTeX Font Info:    Checking defaults for T1/cmr/m/n on input line 7.
LaTeX Font Info:    ... okay on input line 7.
LaTeX Font Info:    Checking defaults for TS1/cmr/m/n on input line 7.
LaTeX Font Info:    ... okay on input line 7.
LaTeX Font Info:    Checking defaults for OMX/cmex/m/n on input line 7.
LaTeX Font Info:    ... okay on input line 7.
LaTeX Font Info:    Checking defaults for U/cmr/m/n on input line 7.
LaTeX Font Info:    ... okay on input line 7.
LaTeX Font Info:    Checking defaults for C00/song/m/n on input line 7.
LaTeX Font Info:    ... okay on input line 7.
LaTeX Font Info:    Checking defaults for C05/song/m/n on input line 7.
LaTeX Font Info:    ... okay on input line 7.
LaTeX Font Info:    Checking defaults for C09/song/m/n on input line 7.
LaTeX Font Info:    ... okay on input line 7.
LaTeX Font Info:    Checking defaults for C10/song/m/n on input line 7.
LaTeX Font Info:    ... okay on input line 7.
LaTeX Font Info:    Checking defaults for C20/song/m/n on input line 7.
LaTeX Font Info:    ... okay on input line 7.
LaTeX Font Info:    Checking defaults for C19/song/m/n on input line 7.
LaTeX Font Info:    ... okay on input line 7.
LaTeX Font Info:    Checking defaults for C40/song/m/n on input line 7.
LaTeX Font Info:    ... okay on input line 7.
LaTeX Font Info:    Checking defaults for C42/song/m/n on input line 7.
LaTeX Font Info:    ... okay on input line 7.
LaTeX Font Info:    Checking defaults for C43/song/m/n on input line 7.
LaTeX Font Info:    ... okay on input line 7.
LaTeX Font Info:    Checking defaults for C50/song/m/n on input line 7.
LaTeX Font Info:    ... okay on input line 7.
LaTeX Font Info:    Checking defaults for C52/song/m/n on input line 7.
LaTeX Font Info:    ... okay on input line 7.
LaTeX Font Info:    Checking defaults for C49/song/m/n on input line 7.
LaTeX Font Info:    ... okay on input line 7.
LaTeX Font Info:    Checking defaults for C60/mj/m/n on input line 7.
LaTeX Font Info:    ... okay on input line 7.
LaTeX Font Info:    Checking defaults for C61/mj/m/n on input line 7.
LaTeX Font Info:    ... okay on input line 7.
LaTeX Font Info:    Checking defaults for C63/mj/m/n on input line 7.
LaTeX Font Info:    ... okay on input line 7.
LaTeX Font Info:    Checking defaults for C64/mj/m/n on input line 7.
LaTeX Font Info:    ... okay on input line 7.
LaTeX Font Info:    Checking defaults for C65/mj/m/n on input line 7.
LaTeX Font Info:    ... okay on input line 7.
LaTeX Font Info:    Checking defaults for C70/song/m/n on input line 7.
LaTeX Font Info:    ... okay on input line 7.
LaTeX Font Info:    Checking defaults for C31/song/m/n on input line 7.
LaTeX Font Info:    ... okay on input line 7.
LaTeX Font Info:    Checking defaults for C32/song/m/n on input line 7.
LaTeX Font Info:    ... okay on input line 7.
LaTeX Font Info:    Checking defaults for C33/song/m/n on input line 7.
LaTeX Font Info:    ... okay on input line 7.
LaTeX Font Info:    Checking defaults for C34/song/m/n on input line 7.
LaTeX Font Info:    ... okay on input line 7.
LaTeX Font Info:    Checking defaults for C35/song/m/n on input line 7.
LaTeX Font Info:    ... okay on input line 7.
LaTeX Font Info:    Checking defaults for C36/song/m/n on input line 7.
LaTeX Font Info:    ... okay on input line 7.
LaTeX Font Info:    Checking defaults for C37/song/m/n on input line 7.
LaTeX Font Info:    ... okay on input line 7.
LaTeX Font Info:    Checking defaults for C80/song/m/n on input line 7.
LaTeX Font Info:    ... okay on input line 7.
LaTeX Font Info:    Checking defaults for C81/song/m/n on input line 7.
LaTeX Font Info:    ... okay on input line 7.
LaTeX Font Info:    Checking defaults for C01/song/m/n on input line 7.
LaTeX Font Info:    ... okay on input line 7.
LaTeX Font Info:    Checking defaults for C11/song/m/n on input line 7.
LaTeX Font Info:    ... okay on input line 7.
LaTeX Font Info:    Checking defaults for C21/song/m/n on input line 7.
LaTeX Font Info:    ... okay on input line 7.
LaTeX Font Info:    Checking defaults for C41/song/m/n on input line 7.
LaTeX Font Info:    ... okay on input line 7.
LaTeX Font Info:    Checking defaults for C62/song/m/n on input line 7.
LaTeX Font Info:    ... okay on input line 7.

*geometry* driver: auto-detecting
*geometry* detected driver: pdftex
*geometry* verbose mode - [ preamble ] result:
* driver: pdftex
* paper: a4paper
* layout: <same size as paper>
* layoutoffset:(h,v)=(0.0pt,0.0pt)
* hratio: 1:1
* vratio: 1:1
* modes: includehead includefoot truedimen 
* h-part:(L,W,R)=(71.70259pt, 454.10269pt, 71.70259pt)
* v-part:(T,H,B)=(71.8282pt, 701.39043pt, 71.82822pt)
* \paperwidth=597.50787pt
* \paperheight=845.04684pt
* \textwidth=453.10944pt
* \textheight=634.0pt
* \oddsidemargin=-0.07077pt
* \evensidemargin=-0.07077pt
* \topmargin=-5.2045pt
* \headheight=20.0pt
* \headsep=18.45792pt
* \topskip=10.0pt
* \footskip=28.45792pt
* \marginparwidth=18.49426pt
* \marginparsep=18.49426pt
* \columnsep=18.49426pt
* \skip\footins=16.0pt plus 5.0pt minus 2.0pt
* \hoffset=0.0pt
* \voffset=0.0pt
* \mag=1000
* \@twocolumnfalse
* \@twosidefalse
* \@mparswitchfalse
* \@reversemarginfalse
* (1in=72.27pt=25.4mm, 1cm=28.453pt)

(c:/texlive/2022/texmf-dist/tex/latex/cjk/texinput/UTF8/UTF8.enc
File: UTF8.enc 2021/10/16 4.8.5
) (c:/texlive/2022/texmf-dist/tex/latex/cjk/texinput/UTF8/UTF8.chr
File: UTF8.chr 2021/10/16 4.8.5
) (c:/texlive/2022/texmf-dist/tex/context/base/mkii/supp-pdf.mkii
[Loading MPS to PDF converter (version 2006.09.02).]
\scratchcounter=\count309
\scratchdimen=\dimen289
\scratchbox=\box76
\nofMPsegments=\count310
\nofMParguments=\count311
\everyMPshowfont=\toks39
\MPscratchCnt=\count312
\MPscratchDim=\dimen290
\MPnumerator=\count313
\makeMPintoPDFobject=\count314
\everyMPtoPDFconversion=\toks40
) (c:/texlive/2022/texmf-dist/tex/latex/epstopdf-pkg/epstopdf-base.sty
Package: epstopdf-base 2020-01-24 v2.11 Base part for package epstopdf
Package epstopdf-base Info: Redefining graphics rule for `.eps' on input line 485.
 (c:/texlive/2022/texmf-dist/tex/latex/latexconfig/epstopdf-sys.cfg
File: epstopdf-sys.cfg 2010/07/13 v1.3 Configuration of (r)epstopdf for TeX Live
))
LaTeX Font Info:    Font shape `C70/mc/m/n' will be
(Font)              scaled to size 15.97903pt on input line 8.
LaTeX Font Info:    Font shape `C70/mc/m/n' will be
(Font)              scaled to size 15.97903pt on input line 8.
LaTeX Font Info:    Font shape `C70/mc/m/n' will be
(Font)              scaled to size 15.97903pt on input line 8.
LaTeX Font Info:    Font shape `C70/mc/m/n' will be
(Font)              scaled to size 15.97903pt on input line 8.
LaTeX Font Info:    Font shape `C70/mc/m/n' will be
(Font)              scaled to size 11.09656pt on input line 8.
LaTeX Font Info:    Font shape `C70/mc/m/n' will be
(Font)              scaled to size 11.09656pt on input line 8.
LaTeX Font Info:    Font shape `C70/mc/m/n' will be
(Font)              scaled to size 11.09656pt on input line 8.
LaTeX Font Info:    Font shape `C70/mc/m/n' will be
(Font)              scaled to size 11.09656pt on input line 8.
LaTeX Font Info:    Font shape `C70/mc/m/n' will be
(Font)              scaled to size 9.24713pt on input line 20.
Package CJKpunct Info: punctuation spaces for family 'mc' do not exist. Use family 'def' instead. on input line 20.
LaTeX Font Info:    Font shape `C70/mc/m/n' will be
(Font)              scaled to size 9.24713pt on input line 20.
LaTeX Font Info:    Font shape `C70/mc/m/n' will be
(Font)              scaled to size 9.24713pt on input line 20.
LaTeX Font Info:    Font shape `C70/mc/m/n' will be
(Font)              scaled to size 9.24713pt on input line 24.
LaTeX Font Info:    Font shape `C70/mc/m/n' will be
(Font)              scaled to size 9.24713pt on input line 24.
LaTeX Font Info:    Font shape `C70/mc/m/n' will be
(Font)              scaled to size 9.24713pt on input line 24.
LaTeX Font Info:    Font shape `C70/mc/m/n' will be
(Font)              scaled to size 9.24713pt on input line 24.
LaTeX Font Info:    Font shape `C70/mc/m/n' will be
(Font)              scaled to size 9.24713pt on input line 24.
LaTeX Font Info:    Font shape `C70/mc/m/n' will be
(Font)              scaled to size 9.24713pt on input line 24.
LaTeX Font Info:    Font shape `C70/mc/m/n' will be
(Font)              scaled to size 9.24713pt on input line 24.
LaTeX Font Info:    Font shape `C70/mc/m/n' will be
(Font)              scaled to size 9.24713pt on input line 28.
LaTeX Font Info:    Font shape `C70/mc/m/n' will be
(Font)              scaled to size 9.24713pt on input line 37.
LaTeX Font Info:    Font shape `C70/mc/m/n' will be
(Font)              scaled to size 9.24713pt on input line 37.
LaTeX Font Info:    Font shape `C70/mc/m/n' will be
(Font)              scaled to size 9.24713pt on input line 37.
LaTeX Font Info:    Font shape `C70/mc/m/n' will be
(Font)              scaled to size 9.24713pt on input line 37.
LaTeX Font Info:    Font shape `C70/mc/m/n' will be
(Font)              scaled to size 9.24713pt on input line 37.
LaTeX Font Info:    Font shape `C70/mc/m/n' will be
(Font)              scaled to size 9.24713pt on input line 41.
LaTeX Font Info:    Font shape `C70/mc/m/n' will be
(Font)              scaled to size 9.24713pt on input line 41.
LaTeX Font Info:    Font shape `C70/mc/m/n' will be
(Font)              scaled to size 9.24713pt on input line 41.
LaTeX Font Info:    Font shape `C70/mc/m/n' will be
(Font)              scaled to size 9.24713pt on input line 43.
LaTeX Font Info:    Font shape `C70/mc/m/n' will be
(Font)              scaled to size 9.24713pt on input line 59.
LaTeX Font Info:    Font shape `C70/mc/m/n' will be
(Font)              scaled to size 9.24713pt on input line 66.
LaTeX Font Info:    Font shape `C70/mc/m/n' will be
(Font)              scaled to size 9.24713pt on input line 66.
LaTeX Font Info:    Font shape `C70/mc/m/n' will be
(Font)              scaled to size 9.24713pt on input line 66.
LaTeX Font Info:    Font shape `C70/mc/m/n' will be
(Font)              scaled to size 9.24713pt on input line 66.
LaTeX Font Info:    Font shape `C70/mc/m/n' will be
(Font)              scaled to size 9.24713pt on input line 66.
LaTeX Font Info:    Font shape `C70/mc/m/n' will be
(Font)              scaled to size 9.24713pt on input line 66.
LaTeX Font Info:    Font shape `C70/mc/m/n' will be
(Font)              scaled to size 9.24713pt on input line 66.
<S__7847961.jpg, id=34, 1162.3425pt x 796.9775pt>
File: S__7847961.jpg Graphic file (type jpg)
<use S__7847961.jpg>
Package pdftex.def Info: S__7847961.jpg  used on input line 69.
(pdftex.def)             Requested size: 426.79134pt x 292.63945pt.
 [1

{c:/texlive/2022/texmf-var/fonts/map/pdftex/updmap/pdftex.map}]
LaTeX Font Info:    Font shape `C70/mc/m/n' will be
(Font)              scaled to size 9.24713pt on input line 72.
 [2 <./S__7847961.jpg>]
LaTeX Font Info:    Font shape `C70/mc/m/n' will be
(Font)              scaled to size 9.24713pt on input line 76.
LaTeX Font Info:    Font shape `C70/mc/m/n' will be
(Font)              scaled to size 9.24713pt on input line 76.
LaTeX Font Info:    Font shape `C70/mc/m/n' will be
(Font)              scaled to size 9.24713pt on input line 76.
LaTeX Font Info:    Font shape `C70/mc/m/n' will be
(Font)              scaled to size 9.24713pt on input line 77.
LaTeX Font Info:    Font shape `C70/mc/m/n' will be
(Font)              scaled to size 9.24713pt on input line 77.
LaTeX Font Info:    Font shape `C70/mc/m/n' will be
(Font)              scaled to size 9.24713pt on input line 77.
LaTeX Font Info:    Font shape `C70/mc/m/n' will be
(Font)              scaled to size 9.24713pt on input line 87.
LaTeX Font Info:    Font shape `C70/mc/m/n' will be
(Font)              scaled to size 9.24713pt on input line 93.
LaTeX Font Info:    Font shape `C70/mc/m/n' will be
(Font)              scaled to size 9.24713pt on input line 93.
 [3]
LaTeX Font Info:    Font shape `C70/mc/m/n' will be
(Font)              scaled to size 9.24713pt on input line 122.
LaTeX Font Info:    Font shape `C70/mc/m/n' will be
(Font)              scaled to size 9.24713pt on input line 124.
LaTeX Font Info:    Font shape `C70/mc/m/n' will be
(Font)              scaled to size 9.24713pt on input line 124.
LaTeX Font Info:    Font shape `C70/mc/m/n' will be
(Font)              scaled to size 9.24713pt on input line 124.
LaTeX Font Info:    Font shape `C70/mc/m/n' will be
(Font)              scaled to size 9.24713pt on input line 124.
LaTeX Font Info:    Font shape `C70/mc/m/n' will be
(Font)              scaled to size 9.24713pt on input line 124.
 [4] (./report1.aux) ) 
Here is how much of TeX's memory you used:
 18676 strings out of 476093
 357109 string characters out of 5795583
 1871787 words of memory out of 5000000
 38598 multiletter control sequences out of 15000+600000
 533228 words of font info for 114 fonts, out of 8000000 for 9000
 1146 hyphenation exceptions out of 8191
 100i,14n,104p,471b,268s stack positions out of 10000i,1000n,20000p,200000b,200000s
{c:/texlive/2022/texmf-dist/fonts/enc/dvips/ipaex-type1/ipxt1-u7c.enc}{c:/texlive/2022/texmf-dist/fonts/enc/dvips/ipaex-type1/ipxt1-u95.enc}{c:/texlive/2022/texmf-dist/fonts/enc/dvips/ipaex-type1/ipxt1-u7f.enc}{c:/texlive/2022/texmf-dist/fonts/enc/dvips/ipaex-type1/ipxt1-u4f.enc}{c:/texlive/2022/texmf-dist/fonts/enc/dvips/ipaex-type1/ipxt1-u66.enc}{c:/texlive/2022/texmf-dist/fonts/enc/dvips/ipaex-type1/ipxt1-u53.enc}{c:/texlive/2022/texmf-dist/fonts/enc/dvips/ipaex-type1/ipxt1-u6f.enc}{c:/texlive/2022/texmf-dist/fonts/enc/dvips/ipaex-type1/ipxt1-u74.enc}{c:/texlive/2022/texmf-dist/fonts/enc/dvips/ipaex-type1/ipxt1-u70.enc}{c:/texlive/2022/texmf-dist/fonts/enc/dvips/ipaex-type1/ipxt1-u75.enc}{c:/texlive/2022/texmf-dist/fonts/enc/dvips/ipaex-type1/ipxt1-u78.enc}{c:/texlive/2022/texmf-dist/fonts/enc/dvips/ipaex-type1/ipxt1-u90.enc}{c:/texlive/2022/texmf-dist/fonts/enc/dvips/ipaex-type1/ipxt1-u5c.enc}{c:/texlive/2022/texmf-dist/fonts/enc/dvips/ipaex-type1/ipxt1-u82.enc}{c:/texlive/2022/texmf-dist/fonts/enc/dvips/ipaex-type1/ipxt1-u68.enc}{c:/texlive/2022/texmf-dist/fonts/enc/dvips/ipaex-type1/ipxt1-u57.enc}{c:/texlive/2022/texmf-dist/fonts/enc/dvips/ipaex-type1/ipxt1-u97.enc}{c:/texlive/2022/texmf-dist/fonts/enc/dvips/ipaex-type1/ipxt1-u7e.enc}{c:/texlive/2022/texmf-dist/fonts/enc/dvips/ipaex-type1/ipxt1-u8e.enc}{c:/texlive/2022/texmf-dist/fonts/enc/dvips/ipaex-type1/ipxt1-u6a.enc}{c:/texlive/2022/texmf-dist/fonts/enc/dvips/ipaex-type1/ipxt1-u51.enc}{c:/texlive/2022/texmf-dist/fonts/enc/dvips/ipaex-type1/ipxt1-u72.enc}{c:/texlive/2022/texmf-dist/fonts/enc/dvips/ipaex-type1/ipxt1-u7d.enc}{c:/texlive/2022/texmf-dist/fonts/enc/dvips/ipaex-type1/ipxt1-u6d.enc}{c:/texlive/2022/texmf-dist/fonts/enc/dvips/ipaex-type1/ipxt1-u52.enc}{c:/texlive/2022/texmf-dist/fonts/enc/dvips/ipaex-type1/ipxt1-u54.enc}{c:/texlive/2022/texmf-dist/fonts/enc/dvips/ipaex-type1/ipxt1-u58.enc}{c:/texlive/2022/texmf-dist/fonts/enc/dvips/ipaex-type1/ipxt1-u8c.enc}{c:/texlive/2022/texmf-dist/fonts/enc/dvips/ipaex-type1/ipxt1-u62.enc}{c:/texlive/2022/texmf-dist/fonts/enc/dvips/ipaex-type1/ipxt1-u89.enc}{c:/texlive/2022/texmf-dist/fonts/enc/dvips/ipaex-type1/ipxt1-u7a.enc}{c:/texlive/2022/texmf-dist/fonts/enc/dvips/ipaex-type1/ipxt1-u6b.enc}{c:/texlive/2022/texmf-dist/fonts/enc/dvips/ipaex-type1/ipxt1-u4e.enc}{c:/texlive/2022/texmf-dist/fonts/enc/dvips/ipaex-type1/ipxt1-u50.enc}{c:/texlive/2022/texmf-dist/fonts/enc/dvips/ipaex-type1/ipxt1-u56.enc}{c:/texlive/2022/texmf-dist/fonts/enc/dvips/ipaex-type1/ipxt1-u5f.enc}{c:/texlive/2022/texmf-dist/fonts/enc/dvips/ipaex-type1/ipxt1-u59.enc}{c:/texlive/2022/texmf-dist/fonts/enc/dvips/ipaex-type1/ipxt1-u30.enc}{c:/texlive/2022/texmf-dist/fonts/enc/dvips/ipaex-type1/ipxt1-u5e.enc}{c:/texlive/2022/texmf-dist/fonts/enc/dvips/ipaex-type1/ipxt1-u67.enc}{c:/texlive/2022/texmf-dist/fonts/enc/dvips/ipaex-type1/ipxt1-u5d.enc}{c:/texlive/2022/texmf-dist/fonts/enc/dvips/ipaex-type1/ipxt1-u98.enc}{c:/texlive/2022/texmf-dist/fonts/enc/dvips/ipaex-type1/ipxt1-u8a.enc}{c:/texlive/2022/texmf-dist/fonts/enc/dvips/ipaex-type1/ipxt1-u5b.enc}{c:/texlive/2022/texmf-dist/fonts/enc/dvips/ipaex-type1/ipxt1-u65.enc}<c:/texlive/2022/texmf-dist/fonts/type1/public/amsfonts/cm/cmex10.pfb><c:/texlive/2022/texmf-dist/fonts/type1/public/amsfonts/cm/cmmi10.pfb><c:/texlive/2022/texmf-dist/fonts/type1/public/amsfonts/cm/cmmi7.pfb><c:/texlive/2022/texmf-dist/fonts/type1/public/amsfonts/cm/cmr10.pfb><c:/texlive/2022/texmf-dist/fonts/type1/public/amsfonts/cm/cmr12.pfb><c:/texlive/2022/texmf-dist/fonts/type1/public/amsfonts/cm/cmr17.pfb><c:/texlive/2022/texmf-dist/fonts/type1/public/amsfonts/cm/cmr5.pfb><c:/texlive/2022/texmf-dist/fonts/type1/public/amsfonts/cm/cmr7.pfb><c:/texlive/2022/texmf-dist/fonts/type1/public/amsfonts/cm/cmss12.pfb><c:/texlive/2022/texmf-dist/fonts/type1/public/amsfonts/cm/cmsy10.pfb><c:/texlive/2022/texmf-dist/fonts/type1/public/amsfonts/cm/cmsy7.pfb><c:/texlive/2022/texmf-dist/fonts/type1/public/ipaex-type1/ipxm-r-u30.pfb><c:/texlive/2022/texmf-dist/fonts/type1/public/ipaex-type1/ipxm-r-u4e.pfb><c:/texlive/2022/texmf-dist/fonts/type1/public/ipaex-type1/ipxm-r-u4f.pfb><c:/texlive/2022/texmf-dist/fonts/type1/public/ipaex-type1/ipxm-r-u50.pfb><c:/texlive/2022/texmf-dist/fonts/type1/public/ipaex-type1/ipxm-r-u51.pfb><c:/texlive/2022/texmf-dist/fonts/type1/public/ipaex-type1/ipxm-r-u52.pfb><c:/texlive/2022/texmf-dist/fonts/type1/public/ipaex-type1/ipxm-r-u53.pfb><c:/texlive/2022/texmf-dist/fonts/type1/public/ipaex-type1/ipxm-r-u54.pfb><c:/texlive/2022/texmf-dist/fonts/type1/public/ipaex-type1/ipxm-r-u56.pfb><c:/texlive/2022/texmf-dist/fonts/type1/public/ipaex-type1/ipxm-r-u57.pfb><c:/texlive/2022/texmf-dist/fonts/type1/public/ipaex-type1/ipxm-r-u58.pfb><c:/texlive/2022/texmf-dist/fonts/type1/public/ipaex-type1/ipxm-r-u59.pfb><c:/texlive/2022/texmf-dist/fonts/type1/public/ipaex-type1/ipxm-r-u5b.pfb><c:/texlive/2022/texmf-dist/fonts/type1/public/ipaex-type1/ipxm-r-u5c.pfb><c:/texlive/2022/texmf-dist/fonts/type1/public/ipaex-type1/ipxm-r-u5d.pfb><c:/texlive/2022/texmf-dist/fonts/type1/public/ipaex-type1/ipxm-r-u5e.pfb><c:/texlive/2022/texmf-dist/fonts/type1/public/ipaex-type1/ipxm-r-u5f.pfb><c:/texlive/2022/texmf-dist/fonts/type1/public/ipaex-type1/ipxm-r-u62.pfb><c:/texlive/2022/texmf-dist/fonts/type1/public/ipaex-type1/ipxm-r-u65.pfb><c:/texlive/2022/texmf-dist/fonts/type1/public/ipaex-type1/ipxm-r-u66.pfb><c:/texlive/2022/texmf-dist/fonts/type1/public/ipaex-type1/ipxm-r-u67.pfb><c:/texlive/2022/texmf-dist/fonts/type1/public/ipaex-type1/ipxm-r-u68.pfb><c:/texlive/2022/texmf-dist/fonts/type1/public/ipaex-type1/ipxm-r-u6a.pfb><c:/texlive/2022/texmf-dist/fonts/type1/public/ipaex-type1/ipxm-r-u6b.pfb><c:/texlive/2022/texmf-dist/fonts/type1/public/ipaex-type1/ipxm-r-u6d.pfb><c:/texlive/2022/texmf-dist/fonts/type1/public/ipaex-type1/ipxm-r-u6f.pfb><c:/texlive/2022/texmf-dist/fonts/type1/public/ipaex-type1/ipxm-r-u70.pfb><c:/texlive/2022/texmf-dist/fonts/type1/public/ipaex-type1/ipxm-r-u72.pfb><c:/texlive/2022/texmf-dist/fonts/type1/public/ipaex-type1/ipxm-r-u74.pfb><c:/texlive/2022/texmf-dist/fonts/type1/public/ipaex-type1/ipxm-r-u75.pfb><c:/texlive/2022/texmf-dist/fonts/type1/public/ipaex-type1/ipxm-r-u78.pfb><c:/texlive/2022/texmf-dist/fonts/type1/public/ipaex-type1/ipxm-r-u7a.pfb><c:/texlive/2022/texmf-dist/fonts/type1/public/ipaex-type1/ipxm-r-u7c.pfb><c:/texlive/2022/texmf-dist/fonts/type1/public/ipaex-type1/ipxm-r-u7d.pfb><c:/texlive/2022/texmf-dist/fonts/type1/public/ipaex-type1/ipxm-r-u7e.pfb><c:/texlive/2022/texmf-dist/fonts/type1/public/ipaex-type1/ipxm-r-u7f.pfb><c:/texlive/2022/texmf-dist/fonts/type1/public/ipaex-type1/ipxm-r-u82.pfb><c:/texlive/2022/texmf-dist/fonts/type1/public/ipaex-type1/ipxm-r-u89.pfb><c:/texlive/2022/texmf-dist/fonts/type1/public/ipaex-type1/ipxm-r-u8a.pfb><c:/texlive/2022/texmf-dist/fonts/type1/public/ipaex-type1/ipxm-r-u8c.pfb><c:/texlive/2022/texmf-dist/fonts/type1/public/ipaex-type1/ipxm-r-u8e.pfb><c:/texlive/2022/texmf-dist/fonts/type1/public/ipaex-type1/ipxm-r-u90.pfb><c:/texlive/2022/texmf-dist/fonts/type1/public/ipaex-type1/ipxm-r-u95.pfb><c:/texlive/2022/texmf-dist/fonts/type1/public/ipaex-type1/ipxm-r-u97.pfb><c:/texlive/2022/texmf-dist/fonts/type1/public/ipaex-type1/ipxm-r-u98.pfb><c:/texlive/2022/texmf-dist/fonts/type1/public/amsfonts/symbols/msbm10.pfb>
Output written on report1.pdf (4 pages, 531881 bytes).
PDF statistics:
 398 PDF objects out of 1000 (max. 8388607)
 229 compressed objects within 3 object streams
 0 named destinations out of 1000 (max. 500000)
 198 words of extra memory for PDF output out of 10000 (max. 10000000)

